<?xml version="1.0" encoding="UTF-8"?>
<testng-results skipped="2" failed="0" total="2" passed="0">
  <reporter-output>
  </reporter-output>
  <suite name="TestSuite" duration-ms="385" started-at="2018-02-20T05:29:50Z" finished-at="2018-02-20T05:29:51Z">
    <groups>
    </groups>
    <test name="Fb Integration Testing" duration-ms="385" started-at="2018-02-20T05:29:50Z" finished-at="2018-02-20T05:29:51Z">
      <class name="com.fb.web.FbTest">
        <test-method status="FAIL" signature="setup()[pri:0, instance:com.fb.web.FbTest@50cbc42f]" name="setup" is-config="true" duration-ms="0" started-at="2018-02-20T10:59:50Z" finished-at="2018-02-20T10:59:50Z">
          <exception class="java.lang.IllegalStateException">
            <message>
              <![CDATA[The driver executable does not exist: E:\usr\bin\chromedriver]]>
            </message>
            <full-stacktrace>
              <![CDATA[java.lang.IllegalStateException: The driver executable does not exist: E:\usr\bin\chromedriver
	at com.google.common.base.Preconditions.checkState(Preconditions.java:518)
	at org.openqa.selenium.remote.service.DriverService.checkExecutable(DriverService.java:136)
	at org.openqa.selenium.remote.service.DriverService.findExecutable(DriverService.java:131)
	at org.openqa.selenium.chrome.ChromeDriverService.access$000(ChromeDriverService.java:32)
	at org.openqa.selenium.chrome.ChromeDriverService$Builder.findDefaultExecutable(ChromeDriverService.java:137)
	at org.openqa.selenium.remote.service.DriverService$Builder.build(DriverService.java:330)
	at org.openqa.selenium.chrome.ChromeDriverService.createDefaultService(ChromeDriverService.java:88)
	at org.openqa.selenium.chrome.ChromeDriver.<init>(ChromeDriver.java:158)
	at com.fb.web.FbTest.setup(FbTest.java:38)
	at sun.reflect.NativeMethodAccessorImpl.invoke0(Native Method)
	at sun.reflect.NativeMethodAccessorImpl.invoke(NativeMethodAccessorImpl.java:62)
	at sun.reflect.DelegatingMethodAccessorImpl.invoke(DelegatingMethodAccessorImpl.java:43)
	at java.lang.reflect.Method.invoke(Method.java:483)
	at org.testng.internal.MethodInvocationHelper.invokeMethod(MethodInvocationHelper.java:86)
	at org.testng.internal.Invoker.invokeConfigurationMethod(Invoker.java:514)
	at org.testng.internal.Invoker.invokeConfigurations(Invoker.java:215)
	at org.testng.internal.Invoker.invokeConfigurations(Invoker.java:142)
	at org.testng.TestRunner.beforeRun(TestRunner.java:656)
	at org.testng.TestRunner.run(TestRunner.java:624)
	at org.testng.SuiteRunner.runTest(SuiteRunner.java:366)
	at org.testng.SuiteRunner.runSequentially(SuiteRunner.java:361)
	at org.testng.SuiteRunner.privateRun(SuiteRunner.java:319)
	at org.testng.SuiteRunner.run(SuiteRunner.java:268)
	at org.testng.SuiteRunnerWorker.runSuite(SuiteRunnerWorker.java:52)
	at org.testng.SuiteRunnerWorker.run(SuiteRunnerWorker.java:86)
	at org.testng.TestNG.runSuitesSequentially(TestNG.java:1244)
	at org.testng.TestNG.runSuitesLocally(TestNG.java:1169)
	at org.testng.TestNG.run(TestNG.java:1064)
	at com.fb.main.FbSuiteTest.main(FbSuiteTest.java:19)
]]>
            </full-stacktrace>
          </exception> <!-- java.lang.IllegalStateException -->
          <reporter-output>
          </reporter-output>
        </test-method> <!-- setup -->
        <test-method status="SKIP" signature="Google_Search_Test()[pri:0, instance:com.fb.web.FbTest@50cbc42f]" name="Google_Search_Test" duration-ms="1" started-at="2018-02-20T10:59:51Z" finished-at="2018-02-20T10:59:51Z">
          <reporter-output>
          </reporter-output>
        </test-method> <!-- Google_Search_Test -->
        <test-method status="SKIP" signature="sample_Test()[pri:0, instance:com.fb.web.FbTest@50cbc42f]" name="sample_Test" duration-ms="0" started-at="2018-02-20T10:59:51Z" finished-at="2018-02-20T10:59:51Z">
          <reporter-output>
          </reporter-output>
        </test-method> <!-- sample_Test -->
        <test-method status="SKIP" signature="shutdown()[pri:0, instance:com.fb.web.FbTest@50cbc42f]" name="shutdown" is-config="true" duration-ms="0" started-at="2018-02-20T10:59:51Z" finished-at="2018-02-20T10:59:51Z">
          <reporter-output>
          </reporter-output>
        </test-method> <!-- shutdown -->
      </class> <!-- com.fb.web.FbTest -->
    </test> <!-- Fb Integration Testing -->
  </suite> <!-- TestSuite -->
</testng-results>
