<?xml version="1.0" encoding="UTF-8"?>
<!-- Generated by org.testng.reporters.JUnitXMLReporter -->
<testsuite hostname="NARENDERG" name="Fb Integration Testing" tests="2" failures="0" timestamp="20 Feb 2018 05:29:51 GMT" time="0.385" errors="0">
  <testcase name="@BeforeTest setup" time="0.0" classname="com.fb.web.FbTest">
    <failure type="java.lang.IllegalStateException" message="The driver executable does not exist: E:\usr\bin\chromedriver">
      <![CDATA[java.lang.IllegalStateException: The driver executable does not exist: E:\usr\bin\chromedriver
	at com.google.common.base.Preconditions.checkState(Preconditions.java:518)
	at org.openqa.selenium.remote.service.DriverService.checkExecutable(DriverService.java:136)
	at org.openqa.selenium.remote.service.DriverService.findExecutable(DriverService.java:131)
	at org.openqa.selenium.chrome.ChromeDriverService.access$000(ChromeDriverService.java:32)
	at org.openqa.selenium.chrome.ChromeDriverService$Builder.findDefaultExecutable(ChromeDriverService.java:137)
	at org.openqa.selenium.remote.service.DriverService$Builder.build(DriverService.java:330)
	at org.openqa.selenium.chrome.ChromeDriverService.createDefaultService(ChromeDriverService.java:88)
	at org.openqa.selenium.chrome.ChromeDriver.<init>(ChromeDriver.java:158)
	at com.fb.web.FbTest.setup(FbTest.java:38)
	at com.fb.main.FbSuiteTest.main(FbSuiteTest.java:19)
... Removed 19 stack frames]]>
    </failure>
  </testcase> <!-- @BeforeTest setup -->
  <testcase name="@AfterTest shutdown" time="0.0" classname="com.fb.web.FbTest">
    <skipped/>
  </testcase> <!-- @AfterTest shutdown -->
  <testcase name="Google_Search_Test" time="0.001" classname="com.fb.web.FbTest">
    <skipped/>
  </testcase> <!-- Google_Search_Test -->
  <testcase name="sample_Test" time="0.0" classname="com.fb.web.FbTest">
    <skipped/>
  </testcase> <!-- sample_Test -->
</testsuite> <!-- Fb Integration Testing -->
